
1) Add data
2) Display data
3) Remove class
4) Load XML
5) Write XML
6) Find feature
7) Calculate species
0) Quit
Choice:> File name:> 
1) Add data
2) Display data
3) Remove class
4) Load XML
5) Write XML
6) Find feature
7) Calculate species
0) Quit
Choice:> TODO

1) Add data
2) Display data
3) Remove class
4) Load XML
5) Write XML
6) Find feature
7) Calculate species
0) Quit
Choice:> java.lang.NumberFormatException: For input string: "aves"
1) Add data
2) Display data
3) Remove class
4) Load XML
5) Write XML
6) Find feature
7) Calculate species
0) Quit
Choice:> TODO

1) Add data
2) Display data
3) Remove class
4) Load XML
5) Write XML
6) Find feature
7) Calculate species
0) Quit
Choice:> java.lang.NumberFormatException: For input string: "mammalia"
1) Add data
2) Display data
3) Remove class
4) Load XML
5) Write XML
6) Find feature
7) Calculate species
0) Quit
Choice:> TODO

1) Add data
2) Display data
3) Remove class
4) Load XML
5) Write XML
6) Find feature
7) Calculate species
0) Quit
Choice:> java.lang.NumberFormatException: For input string: "Chondrichthyes"
1) Add data
2) Display data
3) Remove class
4) Load XML
5) Write XML
6) Find feature
7) Calculate species
0) Quit
Choice:> What class:> What Order:> Added Order
Continue (y/n):> What family:> Added Family
Continue (y/n):> Add Feature (y/n):> Add Summary (y/n):> Update genus count (0):> Update species count (0):> Add example (y/n):> What example:> Add example (y/n):> 
1) Add data
2) Display data
3) Remove class
4) Load XML
5) Write XML
6) Find feature
7) Calculate species
0) Quit
Choice:> TODO

1) Add data
2) Display data
3) Remove class
4) Load XML
5) Write XML
6) Find feature
7) Calculate species
0) Quit
Choice:> java.lang.NumberFormatException: For input string: "aves"
1) Add data
2) Display data
3) Remove class
4) Load XML
5) Write XML
6) Find feature
7) Calculate species
0) Quit
Choice:> 