
1) Add data
2) Display data
3) Remove class
4) Load XML
5) Write XML
6) Find feature
7) Calculate species
0) Quit
Choice:> File name:> 
1) Add data
2) Display data
3) Remove class
4) Load XML
5) Write XML
6) Find feature
7) Calculate species
0) Quit
Choice:> Class: aves
Feature: Feathers, beak
--Order: galliforme
--Feature: 
----Family: phasianidae
----Feature: 
------Genus: 0  Species: 0  Examples: --Order: Falconiformes
--Feature: 
----Family: Apterygidae
----Feature: 
------Genus: 0  Species: 0  Examples: --Order: Struthioniformes
--Feature: 
----Family: Apterygidae
----Feature: 
------Genus: 0  Species: 0  Examples: ----Family: Dromaiidae
----Feature: 
------Genus: 0  Species: 0  Examples: ----Family: Struthionidae
----Feature: 
------Genus: 0  Species: 0  Examples: 

1) Add data
2) Display data
3) Remove class
4) Load XML
5) Write XML
6) Find feature
7) Calculate species
0) Quit
Choice:> File name:> 
1) Add data
2) Display data
3) Remove class
4) Load XML
5) Write XML
6) Find feature
7) Calculate species
0) Quit
Choice:> Class: aves
Feature: Feathers, beak
--Order: galliforme
--Feature: 
----Family: phasianidae
----Feature: 
------Genus: 0  Species: 0  Examples: --Order: Falconiformes
--Feature: 
----Family: Apterygidae
----Feature: 
------Genus: 0  Species: 0  Examples: --Order: Struthioniformes
--Feature: 
----Family: Apterygidae
----Feature: 
------Genus: 0  Species: 0  Examples: ----Family: Dromaiidae
----Feature: 
------Genus: 0  Species: 0  Examples: ----Family: Struthionidae
----Feature: 
------Genus: 0  Species: 0  Examples: 
Class: mammalia
Feature: Fur
--Order: Carnivora
--Feature: 
----Family: Canidae
----Feature: 
------Genus: 0  Species: 0  Examples: ----Family: felidae
----Feature: 
------Genus: 0  Species: 0  Examples: --Order: Cetacea
--Feature: 
----Family: Delphinidae
----Feature: 
------Genus: 0  Species: 0  Examples: 

1) Add data
2) Display data
3) Remove class
4) Load XML
5) Write XML
6) Find feature
7) Calculate species
0) Quit
Choice:> 