
1) Add data
2) Display data
3) Remove class
4) Load XML
5) Write XML
6) Find feature
7) Calculate species
0) Quit
Choice:> What class:> Added Class
Continue (y/n):> What Order:> Added Order
Continue (y/n):> What family:> Added Family
Continue (y/n):> 
1) Add data
2) Display data
3) Remove class
4) Load XML
5) Write XML
6) Find feature
7) Calculate species
0) Quit
Choice:> java.lang.NumberFormatException: For input string: "y"
1) Add data
2) Display data
3) Remove class
4) Load XML
5) Write XML
6) Find feature
7) Calculate species
0) Quit
Choice:> java.lang.NumberFormatException: For input string: "tail"
1) Add data
2) Display data
3) Remove class
4) Load XML
5) Write XML
6) Find feature
7) Calculate species
0) Quit
Choice:> java.lang.NumberFormatException: For input string: "y"
1) Add data
2) Display data
3) Remove class
4) Load XML
5) Write XML
6) Find feature
7) Calculate species
0) Quit
Choice:> java.lang.NumberFormatException: For input string: "fangs"
1) Add data
2) Display data
3) Remove class
4) Load XML
5) Write XML
6) Find feature
7) Calculate species
0) Quit
Choice:> java.lang.NumberFormatException: For input string: "y"
1) Add data
2) Display data
3) Remove class
4) Load XML
5) Write XML
6) Find feature
7) Calculate species
0) Quit
Choice:> java.lang.NumberFormatException: For input string: "fur"
1) Add data
2) Display data
3) Remove class
4) Load XML
5) Write XML
6) Find feature
7) Calculate species
0) Quit
Choice:> java.lang.NumberFormatException: For input string: "n"
1) Add data
2) Display data
3) Remove class
4) Load XML
5) Write XML
6) Find feature
7) Calculate species
0) Quit
Choice:> java.lang.NumberFormatException: For input string: "y"
1) Add data
2) Display data
3) Remove class
4) Load XML
5) Write XML
6) Find feature
7) Calculate species
0) Quit
Choice:> Invalid option

1) Add data
2) Display data
3) Remove class
4) Load XML
5) Write XML
6) Find feature
7) Calculate species
0) Quit
Choice:> Invalid option

1) Add data
2) Display data
3) Remove class
4) Load XML
5) Write XML
6) Find feature
7) Calculate species
0) Quit
Choice:> java.lang.NumberFormatException: For input string: "y"
1) Add data
2) Display data
3) Remove class
4) Load XML
5) Write XML
6) Find feature
7) Calculate species
0) Quit
Choice:> java.lang.NumberFormatException: For input string: "dog"
1) Add data
2) Display data
3) Remove class
4) Load XML
5) Write XML
6) Find feature
7) Calculate species
0) Quit
Choice:> java.lang.NumberFormatException: For input string: "y"
1) Add data
2) Display data
3) Remove class
4) Load XML
5) Write XML
6) Find feature
7) Calculate species
0) Quit
Choice:> java.lang.NumberFormatException: For input string: "wolf"
1) Add data
2) Display data
3) Remove class
4) Load XML
5) Write XML
6) Find feature
7) Calculate species
0) Quit
Choice:> java.lang.NumberFormatException: For input string: "y"
1) Add data
2) Display data
3) Remove class
4) Load XML
5) Write XML
6) Find feature
7) Calculate species
0) Quit
Choice:> java.lang.NumberFormatException: For input string: "coyote"
1) Add data
2) Display data
3) Remove class
4) Load XML
5) Write XML
6) Find feature
7) Calculate species
0) Quit
Choice:> java.lang.NumberFormatException: For input string: "n"
1) Add data
2) Display data
3) Remove class
4) Load XML
5) Write XML
6) Find feature
7) Calculate species
0) Quit
Choice:> Class: mammalia
Feature: 
--Order: carnivora
--Feature: 
----Family: canidae
----Feature: 
------Genus: 0  Species: 0  Examples: 

1) Add data
2) Display data
3) Remove class
4) Load XML
5) Write XML
6) Find feature
7) Calculate species
0) Quit
Choice:> What class:> Added Class
Continue (y/n):> What Order:> Added Order
Continue (y/n):> What family:> Added Family
Continue (y/n):> Add Feature (y/n):> What Feature:> 
Add Feature (y/n):> Add Summary (y/n):> Update genus count (0):> Update species count (0):> Add example (y/n):> What example:> Add example (y/n):> 
1) Add data
2) Display data
3) Remove class
4) Load XML
5) Write XML
6) Find feature
7) Calculate species
0) Quit
Choice:> Class: mammalia
Feature: 
--Order: carnivora
--Feature: 
----Family: canidae
----Feature: 
------Genus: 0  Species: 0  Examples: 
Class: aves
Feature: 
--Order: galliforme
--Feature: 
----Family: phasianidae
----Feature: feathers
------Genus: 12  Species: 150  Examples: chicken like

1) Add data
2) Display data
3) Remove class
4) Load XML
5) Write XML
6) Find feature
7) Calculate species
0) Quit
Choice:> TODO

1) Add data
2) Display data
3) Remove class
4) Load XML
5) Write XML
6) Find feature
7) Calculate species
0) Quit
Choice:> java.lang.NumberFormatException: For input string: "aves"
1) Add data
2) Display data
3) Remove class
4) Load XML
5) Write XML
6) Find feature
7) Calculate species
0) Quit
Choice:> Class: mammalia
Feature: 
--Order: carnivora
--Feature: 
----Family: canidae
----Feature: 
------Genus: 0  Species: 0  Examples: 
Class: aves
Feature: 
--Order: galliforme
--Feature: 
----Family: phasianidae
----Feature: feathers
------Genus: 12  Species: 150  Examples: chicken like

1) Add data
2) Display data
3) Remove class
4) Load XML
5) Write XML
6) Find feature
7) Calculate species
0) Quit
Choice:> TODO

1) Add data
2) Display data
3) Remove class
4) Load XML
5) Write XML
6) Find feature
7) Calculate species
0) Quit
Choice:> java.lang.NumberFormatException: For input string: "nothing"
1) Add data
2) Display data
3) Remove class
4) Load XML
5) Write XML
6) Find feature
7) Calculate species
0) Quit
Choice:> Class: mammalia
Feature: 
--Order: carnivora
--Feature: 
----Family: canidae
----Feature: 
------Genus: 0  Species: 0  Examples: 
Class: aves
Feature: 
--Order: galliforme
--Feature: 
----Family: phasianidae
----Feature: feathers
------Genus: 12  Species: 150  Examples: chicken like

1) Add data
2) Display data
3) Remove class
4) Load XML
5) Write XML
6) Find feature
7) Calculate species
0) Quit
Choice:> TODO

1) Add data
2) Display data
3) Remove class
4) Load XML
5) Write XML
6) Find feature
7) Calculate species
0) Quit
Choice:> java.lang.NumberFormatException: For input string: "mammalia"
1) Add data
2) Display data
3) Remove class
4) Load XML
5) Write XML
6) Find feature
7) Calculate species
0) Quit
Choice:> Class: mammalia
Feature: 
--Order: carnivora
--Feature: 
----Family: canidae
----Feature: 
------Genus: 0  Species: 0  Examples: 
Class: aves
Feature: 
--Order: galliforme
--Feature: 
----Family: phasianidae
----Feature: feathers
------Genus: 12  Species: 150  Examples: chicken like

1) Add data
2) Display data
3) Remove class
4) Load XML
5) Write XML
6) Find feature
7) Calculate species
0) Quit
Choice:> 