
1) Add data
2) Display data
3) Remove class
4) Load XML
5) Write XML
6) Find feature
7) Calculate species
0) Quit
Choice:> What class:> Added Class
Continue (y/n):> 
1) Add data
2) Display data
3) Remove class
4) Load XML
5) Write XML
6) Find feature
7) Calculate species
0) Quit
Choice:> Class: mammalia
Feature: 

1) Add data
2) Display data
3) Remove class
4) Load XML
5) Write XML
6) Find feature
7) Calculate species
0) Quit
Choice:> What class:> What Order:> Added Order
Continue (y/n):> 
1) Add data
2) Display data
3) Remove class
4) Load XML
5) Write XML
6) Find feature
7) Calculate species
0) Quit
Choice:> Class: mammalia
Feature: 
--Order: carnivora
--Feature: 

1) Add data
2) Display data
3) Remove class
4) Load XML
5) Write XML
6) Find feature
7) Calculate species
0) Quit
Choice:> What class:> What Order:> What family:> Added Family
Continue (y/n):> 
1) Add data
2) Display data
3) Remove class
4) Load XML
5) Write XML
6) Find feature
7) Calculate species
0) Quit
Choice:> Class: mammalia
Feature: 
--Order: carnivora
--Feature: 
----Family: canidae
----Feature: 
------Genus: 0  Species: 0  Examples: 
1) Add data
2) Display data
3) Remove class
4) Load XML
5) Write XML
6) Find feature
7) Calculate species
0) Quit
Choice:> What class:> What Order:> What family:> Add Feature (y/n):> What Feature:> 
Add Feature (y/n):> Add Summary (y/n):> 
1) Add data
2) Display data
3) Remove class
4) Load XML
5) Write XML
6) Find feature
7) Calculate species
0) Quit
Choice:> Class: mammalia
Feature: 
--Order: carnivora
--Feature: 
----Family: canidae
----Feature: tail
------Genus: 0  Species: 0  Examples: 
1) Add data
2) Display data
3) Remove class
4) Load XML
5) Write XML
6) Find feature
7) Calculate species
0) Quit
Choice:> What class:> What Order:> What family:> Add Feature (y/n):> What Feature:> 
Add Feature (y/n):> What Feature:> 
Add Feature (y/n):> Add Summary (y/n):> 
1) Add data
2) Display data
3) Remove class
4) Load XML
5) Write XML
6) Find feature
7) Calculate species
0) Quit
Choice:> Class: mammalia
Feature: 
--Order: carnivora
--Feature: 
----Family: canidae
----Feature: tail, fangs, fur
------Genus: 0  Species: 0  Examples: 
1) Add data
2) Display data
3) Remove class
4) Load XML
5) Write XML
6) Find feature
7) Calculate species
0) Quit
Choice:> What class:> What Order:> What family:> Add Feature (y/n):> Add Summary (y/n):> 
1) Add data
2) Display data
3) Remove class
4) Load XML
5) Write XML
6) Find feature
7) Calculate species
0) Quit
Choice:> Invalid option

1) Add data
2) Display data
3) Remove class
4) Load XML
5) Write XML
6) Find feature
7) Calculate species
0) Quit
Choice:> Invalid option

1) Add data
2) Display data
3) Remove class
4) Load XML
5) Write XML
6) Find feature
7) Calculate species
0) Quit
Choice:> java.lang.NumberFormatException: For input string: "n"
1) Add data
2) Display data
3) Remove class
4) Load XML
5) Write XML
6) Find feature
7) Calculate species
0) Quit
Choice:> Class: mammalia
Feature: 
--Order: carnivora
--Feature: 
----Family: canidae
----Feature: tail, fangs, fur
------Genus: 0  Species: 0  Examples: 
1) Add data
2) Display data
3) Remove class
4) Load XML
5) Write XML
6) Find feature
7) Calculate species
0) Quit
Choice:> What class:> What Order:> What family:> Add Feature (y/n):> Add Summary (y/n):> 
1) Add data
2) Display data
3) Remove class
4) Load XML
5) Write XML
6) Find feature
7) Calculate species
0) Quit
Choice:> Invalid option

1) Add data
2) Display data
3) Remove class
4) Load XML
5) Write XML
6) Find feature
7) Calculate species
0) Quit
Choice:> Invalid option

1) Add data
2) Display data
3) Remove class
4) Load XML
5) Write XML
6) Find feature
7) Calculate species
0) Quit
Choice:> java.lang.NumberFormatException: For input string: "y"
1) Add data
2) Display data
3) Remove class
4) Load XML
5) Write XML
6) Find feature
7) Calculate species
0) Quit
Choice:> java.lang.NumberFormatException: For input string: "dog"
1) Add data
2) Display data
3) Remove class
4) Load XML
5) Write XML
6) Find feature
7) Calculate species
0) Quit
Choice:> java.lang.NumberFormatException: For input string: "n"
1) Add data
2) Display data
3) Remove class
4) Load XML
5) Write XML
6) Find feature
7) Calculate species
0) Quit
Choice:> Class: mammalia
Feature: 
--Order: carnivora
--Feature: 
----Family: canidae
----Feature: tail, fangs, fur
------Genus: 0  Species: 0  Examples: 
1) Add data
2) Display data
3) Remove class
4) Load XML
5) Write XML
6) Find feature
7) Calculate species
0) Quit
Choice:> What class:> What Order:> What family:> Add Feature (y/n):> Add Summary (y/n):> 
1) Add data
2) Display data
3) Remove class
4) Load XML
5) Write XML
6) Find feature
7) Calculate species
0) Quit
Choice:> Class: mammalia
Feature: 
--Order: carnivora
--Feature: 
----Family: canidae
----Feature: tail, fangs, fur
------Genus: 0  Species: 0  Examples: 
1) Add data
2) Display data
3) Remove class
4) Load XML
5) Write XML
6) Find feature
7) Calculate species
0) Quit
Choice:> TODO

1) Add data
2) Display data
3) Remove class
4) Load XML
5) Write XML
6) Find feature
7) Calculate species
0) Quit
Choice:> java.lang.NumberFormatException: For input string: "y"
1) Add data
2) Display data
3) Remove class
4) Load XML
5) Write XML
6) Find feature
7) Calculate species
0) Quit
Choice:> java.lang.NumberFormatException: For input string: "wolf"
1) Add data
2) Display data
3) Remove class
4) Load XML
5) Write XML
6) Find feature
7) Calculate species
0) Quit
Choice:> java.lang.NumberFormatException: For input string: "y"
1) Add data
2) Display data
3) Remove class
4) Load XML
5) Write XML
6) Find feature
7) Calculate species
0) Quit
Choice:> java.lang.NumberFormatException: For input string: "coyote"
1) Add data
2) Display data
3) Remove class
4) Load XML
5) Write XML
6) Find feature
7) Calculate species
0) Quit
Choice:> java.lang.NumberFormatException: For input string: "n"
1) Add data
2) Display data
3) Remove class
4) Load XML
5) Write XML
6) Find feature
7) Calculate species
0) Quit
Choice:> Class: mammalia
Feature: 
--Order: carnivora
--Feature: 
----Family: canidae
----Feature: tail, fangs, fur
------Genus: 0  Species: 0  Examples: 
1) Add data
2) Display data
3) Remove class
4) Load XML
5) Write XML
6) Find feature
7) Calculate species
0) Quit
Choice:> What class:> Added Class
Continue (y/n):> What Order:> Added Order
Continue (y/n):> 
1) Add data
2) Display data
3) Remove class
4) Load XML
5) Write XML
6) Find feature
7) Calculate species
0) Quit
Choice:> java.lang.NumberFormatException: For input string: "phasianidae"
1) Add data
2) Display data
3) Remove class
4) Load XML
5) Write XML
6) Find feature
7) Calculate species
0) Quit
Choice:> java.lang.NumberFormatException: For input string: "y"
1) Add data
2) Display data
3) Remove class
4) Load XML
5) Write XML
6) Find feature
7) Calculate species
0) Quit
Choice:> java.lang.NumberFormatException: For input string: "y"
1) Add data
2) Display data
3) Remove class
4) Load XML
5) Write XML
6) Find feature
7) Calculate species
0) Quit
Choice:> java.lang.NumberFormatException: For input string: "feathers"
1) Add data
2) Display data
3) Remove class
4) Load XML
5) Write XML
6) Find feature
7) Calculate species
0) Quit
Choice:> java.lang.NumberFormatException: For input string: "n"
1) Add data
2) Display data
3) Remove class
4) Load XML
5) Write XML
6) Find feature
7) Calculate species
0) Quit
Choice:> java.lang.NumberFormatException: For input string: "y"
1) Add data
2) Display data
3) Remove class
4) Load XML
5) Write XML
6) Find feature
7) Calculate species
0) Quit
Choice:> Invalid option

1) Add data
2) Display data
3) Remove class
4) Load XML
5) Write XML
6) Find feature
7) Calculate species
0) Quit
Choice:> Invalid option

1) Add data
2) Display data
3) Remove class
4) Load XML
5) Write XML
6) Find feature
7) Calculate species
0) Quit
Choice:> java.lang.NumberFormatException: For input string: "y"
1) Add data
2) Display data
3) Remove class
4) Load XML
5) Write XML
6) Find feature
7) Calculate species
0) Quit
Choice:> java.lang.NumberFormatException: For input string: "chicken"
1) Add data
2) Display data
3) Remove class
4) Load XML
5) Write XML
6) Find feature
7) Calculate species
0) Quit
Choice:> java.lang.NumberFormatException: For input string: "n"
1) Add data
2) Display data
3) Remove class
4) Load XML
5) Write XML
6) Find feature
7) Calculate species
0) Quit
Choice:> Class: mammalia
Feature: 
--Order: carnivora
--Feature: 
----Family: canidae
----Feature: tail, fangs, fur
------Genus: 0  Species: 0  Examples: Class: aves
Feature: 
--Order: galliforme
--Feature: 

1) Add data
2) Display data
3) Remove class
4) Load XML
5) Write XML
6) Find feature
7) Calculate species
0) Quit
Choice:> 