
1) Add data
2) Display data
3) Remove class
4) Load XML
5) Write XML
6) Find feature
7) Calculate species
0) Quit
Choice:> [34;1m4[0m
 File name:> [34;1mfullClean.xml[0m
 
1) Add data
2) Display data
3) Remove class
4) Load XML
5) Write XML
6) Find feature
7) Calculate species
0) Quit
Choice:> [34;1m6[0m
 TODO

1) Add data
2) Display data
3) Remove class
4) Load XML
5) Write XML
6) Find feature
7) Calculate species
0) Quit
Choice:> [34;1mfur[0m
 java.lang.NumberFormatException: For input string: "fur"
1) Add data
2) Display data
3) Remove class
4) Load XML
5) Write XML
6) Find feature
7) Calculate species
0) Quit
Choice:> [34;1m6[0m
 TODO

1) Add data
2) Display data
3) Remove class
4) Load XML
5) Write XML
6) Find feature
7) Calculate species
0) Quit
Choice:> [34;1mcarnivore[0m
 java.lang.NumberFormatException: For input string: "carnivore"
1) Add data
2) Display data
3) Remove class
4) Load XML
5) Write XML
6) Find feature
7) Calculate species
0) Quit
Choice:> [34;1m6[0m
 TODO

1) Add data
2) Display data
3) Remove class
4) Load XML
5) Write XML
6) Find feature
7) Calculate species
0) Quit
Choice:> [34;1mfangs[0m
 java.lang.NumberFormatException: For input string: "fangs"
1) Add data
2) Display data
3) Remove class
4) Load XML
5) Write XML
6) Find feature
7) Calculate species
0) Quit
Choice:> [34;1m6[0m
 TODO

1) Add data
2) Display data
3) Remove class
4) Load XML
5) Write XML
6) Find feature
7) Calculate species
0) Quit
Choice:> [34;1maquatic[0m
 java.lang.NumberFormatException: For input string: "aquatic"
1) Add data
2) Display data
3) Remove class
4) Load XML
5) Write XML
6) Find feature
7) Calculate species
0) Quit
Choice:> [34;1m6[0m
 TODO

1) Add data
2) Display data
3) Remove class
4) Load XML
5) Write XML
6) Find feature
7) Calculate species
0) Quit
Choice:> [34;1mground feeder[0m
 java.lang.NumberFormatException: For input string: "ground feeder"
1) Add data
2) Display data
3) Remove class
4) Load XML
5) Write XML
6) Find feature
7) Calculate species
0) Quit
Choice:> [34;1m6[0m
 TODO

1) Add data
2) Display data
3) Remove class
4) Load XML
5) Write XML
6) Find feature
7) Calculate species
0) Quit
Choice:> [34;1mbroad head[0m
 java.lang.NumberFormatException: For input string: "broad head"
1) Add data
2) Display data
3) Remove class
4) Load XML
5) Write XML
6) Find feature
7) Calculate species
0) Quit
Choice:> [34;1m6[0m
 TODO

1) Add data
2) Display data
3) Remove class
4) Load XML
5) Write XML
6) Find feature
7) Calculate species
0) Quit
Choice:> [34;1mxyz[0m
 java.lang.NumberFormatException: For input string: "xyz"
1) Add data
2) Display data
3) Remove class
4) Load XML
5) Write XML
6) Find feature
7) Calculate species
0) Quit
Choice:> [34;1m1[0m
 What class:> [34;1maves[0m
 What Order:> [34;1mPasseriformes[0m
 Added Order
Continue (y/n):> [34;1my[0m
 What family:> [34;1mTurdidae[0m
 Added Family
Continue (y/n):> [34;1my[0m
 Add Feature (y/n):> [34;1my[0m
 What Feature:> [34;1msings[0m
 
Add Feature (y/n):> [34;1mn[0m
 Add Summary (y/n):> [34;1mn[0m
 
1) Add data
2) Display data
3) Remove class
4) Load XML
5) Write XML
6) Find feature
7) Calculate species
0) Quit
Choice:> [34;1m2[0m
 Class: mammalia
Feature: Fur
--Order: Carnivora
--Feature: 
----Family: Canidae
----Feature: 
------Genus: 0  Species: 0  Examples: ----Family: felidae
----Feature: 
------Genus: 0  Species: 0  Examples: --Order: Cetacea
--Feature: 
----Family: Delphinidae
----Feature: 
------Genus: 0  Species: 0  Examples: 
Class: aves
Feature: Feathers, beak
--Order: galliforme
--Feature: 
----Family: phasianidae
----Feature: 
------Genus: 0  Species: 0  Examples: --Order: Falconiformes
--Feature: 
----Family: Apterygidae
----Feature: 
------Genus: 0  Species: 0  Examples: --Order: Struthioniformes
--Feature: 
----Family: Apterygidae
----Feature: 
------Genus: 0  Species: 0  Examples: ----Family: Dromaiidae
----Feature: 
------Genus: 0  Species: 0  Examples: ----Family: Struthionidae
----Feature: 
------Genus: 0  Species: 0  Examples: --Order: passeriformes
--Feature: 
----Family: turdidae
----Feature: sings
------Genus: 0  Species: 0  Examples: 
Class: Chondrichthyes
Feature: aquatic, cartilage skeleton, gills
--Order: Carcharhiniformes
--Feature: 
----Family: Sphyrnidae
----Feature: 
------Genus: 0  Species: 0  Examples: 

1) Add data
2) Display data
3) Remove class
4) Load XML
5) Write XML
6) Find feature
7) Calculate species
0) Quit
Choice:> [34;1m6[0m
 TODO

1) Add data
2) Display data
3) Remove class
4) Load XML
5) Write XML
6) Find feature
7) Calculate species
0) Quit
Choice:> [34;1msings[0m
 java.lang.NumberFormatException: For input string: "sings"
1) Add data
2) Display data
3) Remove class
4) Load XML
5) Write XML
6) Find feature
7) Calculate species
0) Quit
Choice:> [34;1m0[0m
 
