
1) Add data
2) Display data
3) Remove class
4) Load XML
5) Write XML
6) Find feature
7) Calculate species
0) Quit
Choice:> [34;1m1[0m
 What class:> [34;1mmammalia[0m
 Added Class
Continue (y/n):> [34;1my[0m
 What Order:> [34;1mCarnivora[0m
 Added Order
Continue (y/n):> [34;1my[0m
 What family:> [34;1mcanidae[0m
 Added Family
Continue (y/n):> [34;1mY[0m
 Add Feature (y/n):> [34;1my[0m
 What Feature:> [34;1mtail[0m
 
Add Feature (y/n):> [34;1my[0m
 What Feature:> [34;1mfangs[0m
 
Add Feature (y/n):> [34;1my[0m
 What Feature:> [34;1mfur[0m
 
Add Feature (y/n):> [34;1mn[0m
 Add Summary (y/n):> [34;1my[0m
 Update genus count (0):> [34;1m12[0m
 Update species count (0):> [34;1m27[0m
 Add example (y/n):> [34;1my[0m
 What example:> [34;1mdog[0m
 Add example (y/n):> [34;1my[0m
 What example:> [34;1mwolf[0m
 Add example (y/n):> [34;1my[0m
 What example:> [34;1mcoyote[0m
 Add example (y/n):> [34;1mn[0m
 
1) Add data
2) Display data
3) Remove class
4) Load XML
5) Write XML
6) Find feature
7) Calculate species
0) Quit
Choice:> [34;1m4[0m
 File name:> [34;1maves.xml[0m
 
1) Add data
2) Display data
3) Remove class
4) Load XML
5) Write XML
6) Find feature
7) Calculate species
0) Quit
Choice:> [34;1m2[0m
 Class: mammalia
Feature: 
--Order: carnivora
--Feature: 
----Family: canidae
----Feature: tail, fangs, fur
------Genus: 12  Species: 27  Examples: dog, wolf, coyote
Class: aves
Feature: Feathers, beak
--Order: galliforme
--Feature: 
----Family: phasianidae
----Feature: 
------Genus: 0  Species: 0  Examples: --Order: Falconiformes
--Feature: 
----Family: Apterygidae
----Feature: 
------Genus: 0  Species: 0  Examples: --Order: Struthioniformes
--Feature: 
----Family: Apterygidae
----Feature: 
------Genus: 0  Species: 0  Examples: ----Family: Dromaiidae
----Feature: 
------Genus: 0  Species: 0  Examples: ----Family: Struthionidae
----Feature: 
------Genus: 0  Species: 0  Examples: 

1) Add data
2) Display data
3) Remove class
4) Load XML
5) Write XML
6) Find feature
7) Calculate species
0) Quit
Choice:> [34;1m1[0m
 What class:> [34;1maves[0m
 What Order:> [34;1mgalliforme[0m
 What family:> [34;1mphasianidae[0m
 Add Feature (y/n):> [34;1mn[0m
 Add Summary (y/n):> [34;1my[0m
 Update genus count (0):> [34;1m12[0m
 Update species count (0):> [34;1m151[0m
 Add example (y/n):> [34;1my[0m
 What example:> [34;1mpheasant[0m
 Add example (y/n):> [34;1mn[0m
 
1) Add data
2) Display data
3) Remove class
4) Load XML
5) Write XML
6) Find feature
7) Calculate species
0) Quit
Choice:> [34;1m1[0m
 What class:> [34;1maves[0m
 What Order:> [34;1mPasseriformes[0m
 Added Order
Continue (y/n):> [34;1my[0m
 What family:> [34;1mTurdidae[0m
 Added Family
Continue (y/n):> [34;1my[0m
 Add Feature (y/n):> [34;1my[0m
 What Feature:> [34;1momnivore[0m
 
Add Feature (y/n):> [34;1mn[0m
 Add Summary (y/n):> [34;1my[0m
 Update genus count (0):> [34;1m21[0m
 Update species count (0):> [34;1m171[0m
 Add example (y/n):> [34;1my[0m
 What example:> [34;1mblue bird[0m
 Add example (y/n):> [34;1mn[0m
 
1) Add data
2) Display data
3) Remove class
4) Load XML
5) Write XML
6) Find feature
7) Calculate species
0) Quit
Choice:> [34;1m2[0m
 Class: mammalia
Feature: 
--Order: carnivora
--Feature: 
----Family: canidae
----Feature: tail, fangs, fur
------Genus: 12  Species: 27  Examples: dog, wolf, coyote
Class: aves
Feature: Feathers, beak
--Order: galliforme
--Feature: 
----Family: phasianidae
----Feature: 
------Genus: 12  Species: 151  Examples: pheasant--Order: Falconiformes
--Feature: 
----Family: Apterygidae
----Feature: 
------Genus: 0  Species: 0  Examples: --Order: Struthioniformes
--Feature: 
----Family: Apterygidae
----Feature: 
------Genus: 0  Species: 0  Examples: ----Family: Dromaiidae
----Feature: 
------Genus: 0  Species: 0  Examples: ----Family: Struthionidae
----Feature: 
------Genus: 0  Species: 0  Examples: --Order: passeriformes
--Feature: 
----Family: turdidae
----Feature: omnivore
------Genus: 21  Species: 171  Examples: blue bird

1) Add data
2) Display data
3) Remove class
4) Load XML
5) Write XML
6) Find feature
7) Calculate species
0) Quit
Choice:> [34;1m3[0m
 What class:> [34;1mmammalia[0m
 Removed mammalia

1) Add data
2) Display data
3) Remove class
4) Load XML
5) Write XML
6) Find feature
7) Calculate species
0) Quit
Choice:> [34;1m2[0m
 Class: aves
Feature: Feathers, beak
--Order: galliforme
--Feature: 
----Family: phasianidae
----Feature: 
------Genus: 12  Species: 151  Examples: pheasant--Order: Falconiformes
--Feature: 
----Family: Apterygidae
----Feature: 
------Genus: 0  Species: 0  Examples: --Order: Struthioniformes
--Feature: 
----Family: Apterygidae
----Feature: 
------Genus: 0  Species: 0  Examples: ----Family: Dromaiidae
----Feature: 
------Genus: 0  Species: 0  Examples: ----Family: Struthionidae
----Feature: 
------Genus: 0  Species: 0  Examples: --Order: passeriformes
--Feature: 
----Family: turdidae
----Feature: omnivore
------Genus: 21  Species: 171  Examples: blue bird

1) Add data
2) Display data
3) Remove class
4) Load XML
5) Write XML
6) Find feature
7) Calculate species
0) Quit
Choice:> [34;1m1[0m
 What class:> [34;1mChondrichthyes[0m
 Added Class
Continue (y/n):> [34;1my[0m
 What Order:> [34;1mCarcharhiniformes[0m
 Added Order
Continue (y/n):> [34;1my[0m
 What family:> [34;1mSphyrnidae[0m
 Added Family
Continue (y/n):> [34;1mY[0m
 Add Feature (y/n):> [34;1my[0m
 What Feature:> [34;1mdorsal fin[0m
 
Add Feature (y/n):> [34;1my[0m
 What Feature:> [34;1mgills[0m
 
Add Feature (y/n):> [34;1my[0m
 What Feature:> [34;1mcarnivore[0m
 
Add Feature (y/n):> [34;1mn[0m
 Add Summary (y/n):> [34;1my[0m
 Update genus count (0):> [34;1m2[0m
 Update species count (0):> [34;1m9[0m
 Add example (y/n):> [34;1my[0m
 What example:> [34;1mhammerhead shark[0m
 Add example (y/n):> [34;1mn[0m
 
1) Add data
2) Display data
3) Remove class
4) Load XML
5) Write XML
6) Find feature
7) Calculate species
0) Quit
Choice:> [34;1m2[0m
 Class: aves
Feature: Feathers, beak
--Order: galliforme
--Feature: 
----Family: phasianidae
----Feature: 
------Genus: 12  Species: 151  Examples: pheasant--Order: Falconiformes
--Feature: 
----Family: Apterygidae
----Feature: 
------Genus: 0  Species: 0  Examples: --Order: Struthioniformes
--Feature: 
----Family: Apterygidae
----Feature: 
------Genus: 0  Species: 0  Examples: ----Family: Dromaiidae
----Feature: 
------Genus: 0  Species: 0  Examples: ----Family: Struthionidae
----Feature: 
------Genus: 0  Species: 0  Examples: --Order: passeriformes
--Feature: 
----Family: turdidae
----Feature: omnivore
------Genus: 21  Species: 171  Examples: blue bird
Class: chondrichthyes
Feature: 
--Order: carcharhiniformes
--Feature: 
----Family: sphyrnidae
----Feature: dorsal fin, gills, carnivore
------Genus: 2  Species: 9  Examples: hammerhead shark

1) Add data
2) Display data
3) Remove class
4) Load XML
5) Write XML
6) Find feature
7) Calculate species
0) Quit
Choice:> [34;1m5[0m
 File name:> [34;1mtier3_Out.xml[0m
 
1) Add data
2) Display data
3) Remove class
4) Load XML
5) Write XML
6) Find feature
7) Calculate species
0) Quit
Choice:> [34;1m3[0m
 What class:> [34;1mChondrichthyes[0m
 Removed chondrichthyes

1) Add data
2) Display data
3) Remove class
4) Load XML
5) Write XML
6) Find feature
7) Calculate species
0) Quit
Choice:> [34;1m3[0m
 What class:> [34;1maves[0m
 Removed aves

1) Add data
2) Display data
3) Remove class
4) Load XML
5) Write XML
6) Find feature
7) Calculate species
0) Quit
Choice:> [34;1m4[0m
 File name:> [34;1mtier3_Out.xml[0m
 Invalid XML File

1) Add data
2) Display data
3) Remove class
4) Load XML
5) Write XML
6) Find feature
7) Calculate species
0) Quit
Choice:> [34;1m2[0m
 
1) Add data
2) Display data
3) Remove class
4) Load XML
5) Write XML
6) Find feature
7) Calculate species
0) Quit
Choice:> [34;1m1[0m
 What class:> [34;1mChondrichthyes[0m
 Added Class
Continue (y/n):> [34;1mCarcharhiniformes[0m
 
1) Add data
2) Display data
3) Remove class
4) Load XML
5) Write XML
6) Find feature
7) Calculate species
0) Quit
Choice:> [34;1mSphyrnidae[0m
 java.lang.NumberFormatException: For input string: "Sphyrnidae"
1) Add data
2) Display data
3) Remove class
4) Load XML
5) Write XML
6) Find feature
7) Calculate species
0) Quit
Choice:> [34;1mn[0m
 java.lang.NumberFormatException: For input string: "n"
1) Add data
2) Display data
3) Remove class
4) Load XML
5) Write XML
6) Find feature
7) Calculate species
0) Quit
Choice:> [34;1my[0m
 java.lang.NumberFormatException: For input string: "y"
1) Add data
2) Display data
3) Remove class
4) Load XML
5) Write XML
6) Find feature
7) Calculate species
0) Quit
Choice:> [34;1m2[0m
 Class: chondrichthyes
Feature: 


1) Add data
2) Display data
3) Remove class
4) Load XML
5) Write XML
6) Find feature
7) Calculate species
0) Quit
Choice:> [34;1m9[0m
 Invalid option

1) Add data
2) Display data
3) Remove class
4) Load XML
5) Write XML
6) Find feature
7) Calculate species
0) Quit
Choice:> [34;1my[0m
 java.lang.NumberFormatException: For input string: "y"
1) Add data
2) Display data
3) Remove class
4) Load XML
5) Write XML
6) Find feature
7) Calculate species
0) Quit
Choice:> [34;1mbonnethead shark[0m
 java.lang.NumberFormatException: For input string: "bonnethead shark"
1) Add data
2) Display data
3) Remove class
4) Load XML
5) Write XML
6) Find feature
7) Calculate species
0) Quit
Choice:> [34;1mn[0m
 java.lang.NumberFormatException: For input string: "n"
1) Add data
2) Display data
3) Remove class
4) Load XML
5) Write XML
6) Find feature
7) Calculate species
0) Quit
Choice:> [34;1m2[0m
 Class: chondrichthyes
Feature: 


1) Add data
2) Display data
3) Remove class
4) Load XML
5) Write XML
6) Find feature
7) Calculate species
0) Quit
Choice:> [34;1m0[0m
 
