
1) Add data
2) Display data
3) Remove class
4) Load XML
5) Write XML
6) Find feature
7) Calculate species
0) Quit
Choice:> [34;1m4[0m
 File name:> [34;1maves.xml[0m
 
1) Add data
2) Display data
3) Remove class
4) Load XML
5) Write XML
6) Find feature
7) Calculate species
0) Quit
Choice:> [34;1m2[0m
 
Class: aves 
Feature: Feathers, beak
--Order: galliforme 
--Feature: chicken-like, ground feeder
----Family: phasianidae 
----Feature: terrestrial
------Genus: 12  Species: 150  Examples: Turkeys, Chickens, Quails
--Order: Falconiformes 
--Feature: diurnal, carnivore
----Family: Apterygidae 
----Feature: small
------Genus: 67  Species: 233  Examples: Eagle, Hawk, Kites
--Order: Struthioniformes 
--Feature: flightless, omnivore, three-toed
----Family: Apterygidae 
----Feature: small
------Genus: 1  Species: 5  Examples: Kiwi
----Family: Dromaiidae 
----Feature: tail-less
------Genus: 1  Species: 1  Examples: Emu
----Family: Struthionidae 
----Feature: large
------Genus: 1  Species: 2  Examples: Ostrich

1) Add data
2) Display data
3) Remove class
4) Load XML
5) Write XML
6) Find feature
7) Calculate species
0) Quit
Choice:> [34;1m4[0m
 File name:> [34;1mmammal.xml[0m
 
1) Add data
2) Display data
3) Remove class
4) Load XML
5) Write XML
6) Find feature
7) Calculate species
0) Quit
Choice:> [34;1m2[0m
 
Class: aves 
Feature: Feathers, beak
--Order: galliforme 
--Feature: chicken-like, ground feeder
----Family: phasianidae 
----Feature: terrestrial
------Genus: 12  Species: 150  Examples: Turkeys, Chickens, Quails
--Order: Falconiformes 
--Feature: diurnal, carnivore
----Family: Apterygidae 
----Feature: small
------Genus: 67  Species: 233  Examples: Eagle, Hawk, Kites
--Order: Struthioniformes 
--Feature: flightless, omnivore, three-toed
----Family: Apterygidae 
----Feature: small
------Genus: 1  Species: 5  Examples: Kiwi
----Family: Dromaiidae 
----Feature: tail-less
------Genus: 1  Species: 1  Examples: Emu
----Family: Struthionidae 
----Feature: large
------Genus: 1  Species: 2  Examples: Ostrich
Class: mammalia 
Feature: Fur
--Order: Carnivora 
--Feature: carnivore
----Family: Canidae 
----Feature: Fangs, Tail
------Genus: 12  Species: 37  Examples: Dog, Wolf, Coyote
----Family: felidae 
----Feature: Fangs, retractable claws, Tail
------Genus: 18  Species: 36  Examples: Lion, tiger, domestic cat
--Order: Cetacea 
--Feature: aquatic
----Family: Delphinidae 
----Feature: echolocation, beak
------Genus: 17  Species: 32  Examples: dolphins, porpoises, and whales

1) Add data
2) Display data
3) Remove class
4) Load XML
5) Write XML
6) Find feature
7) Calculate species
0) Quit
Choice:> [34;1m0[0m
 
