
1) Add data
2) Display data
3) Remove class
4) Load XML
5) Write XML
6) Find feature
7) Calculate species
0) Quit
Choice:> What class:> Added Class
Continue (y/n):> What Order:> Added Order
Continue (y/n):> What family:> Added Family
Continue (y/n):> Add Feature (y/n):> What Feature:> 
Add Feature (y/n):> What Feature:> 
Add Feature (y/n):> What Feature:> 
Add Feature (y/n):> Add Summary (y/n):> Update genus count (0):> Update species count (0):> Add example (y/n):> What example:> Add example (y/n):> What example:> Add example (y/n):> What example:> Add example (y/n):> 
1) Add data
2) Display data
3) Remove class
4) Load XML
5) Write XML
6) Find feature
7) Calculate species
0) Quit
Choice:> File name:> 
1) Add data
2) Display data
3) Remove class
4) Load XML
5) Write XML
6) Find feature
7) Calculate species
0) Quit
Choice:> Class: mammalia
Feature: 
--Order: carnivora
--Feature: 
----Family: canidae
----Feature: tail, fangs, fur
------Genus: 12  Species: 27  Examples: dog, wolf, coyote
Class: aves
Feature: Feathers, beak
--Order: galliforme
--Feature: 
----Family: phasianidae
----Feature: 
------Genus: 0  Species: 0  Examples: --Order: Falconiformes
--Feature: 
----Family: Apterygidae
----Feature: 
------Genus: 0  Species: 0  Examples: --Order: Struthioniformes
--Feature: 
----Family: Apterygidae
----Feature: 
------Genus: 0  Species: 0  Examples: ----Family: Dromaiidae
----Feature: 
------Genus: 0  Species: 0  Examples: ----Family: Struthionidae
----Feature: 
------Genus: 0  Species: 0  Examples: 

1) Add data
2) Display data
3) Remove class
4) Load XML
5) Write XML
6) Find feature
7) Calculate species
0) Quit
Choice:> What class:> What Order:> What family:> Add Feature (y/n):> Add Summary (y/n):> Update genus count (0):> Update species count (0):> Add example (y/n):> What example:> Add example (y/n):> 
1) Add data
2) Display data
3) Remove class
4) Load XML
5) Write XML
6) Find feature
7) Calculate species
0) Quit
Choice:> What class:> What Order:> Added Order
Continue (y/n):> What family:> Added Family
Continue (y/n):> Add Feature (y/n):> What Feature:> 
Add Feature (y/n):> Add Summary (y/n):> Update genus count (0):> Update species count (0):> Add example (y/n):> What example:> Add example (y/n):> 
1) Add data
2) Display data
3) Remove class
4) Load XML
5) Write XML
6) Find feature
7) Calculate species
0) Quit
Choice:> Class: mammalia
Feature: 
--Order: carnivora
--Feature: 
----Family: canidae
----Feature: tail, fangs, fur
------Genus: 12  Species: 27  Examples: dog, wolf, coyote
Class: aves
Feature: Feathers, beak
--Order: galliforme
--Feature: 
----Family: phasianidae
----Feature: 
------Genus: 12  Species: 151  Examples: pheasant--Order: Falconiformes
--Feature: 
----Family: Apterygidae
----Feature: 
------Genus: 0  Species: 0  Examples: --Order: Struthioniformes
--Feature: 
----Family: Apterygidae
----Feature: 
------Genus: 0  Species: 0  Examples: ----Family: Dromaiidae
----Feature: 
------Genus: 0  Species: 0  Examples: ----Family: Struthionidae
----Feature: 
------Genus: 0  Species: 0  Examples: --Order: passeriformes
--Feature: 
----Family: turdidae
----Feature: omnivore
------Genus: 21  Species: 171  Examples: blue bird

1) Add data
2) Display data
3) Remove class
4) Load XML
5) Write XML
6) Find feature
7) Calculate species
0) Quit
Choice:> What class:> Removed mammalia

1) Add data
2) Display data
3) Remove class
4) Load XML
5) Write XML
6) Find feature
7) Calculate species
0) Quit
Choice:> Class: aves
Feature: Feathers, beak
--Order: galliforme
--Feature: 
----Family: phasianidae
----Feature: 
------Genus: 12  Species: 151  Examples: pheasant--Order: Falconiformes
--Feature: 
----Family: Apterygidae
----Feature: 
------Genus: 0  Species: 0  Examples: --Order: Struthioniformes
--Feature: 
----Family: Apterygidae
----Feature: 
------Genus: 0  Species: 0  Examples: ----Family: Dromaiidae
----Feature: 
------Genus: 0  Species: 0  Examples: ----Family: Struthionidae
----Feature: 
------Genus: 0  Species: 0  Examples: --Order: passeriformes
--Feature: 
----Family: turdidae
----Feature: omnivore
------Genus: 21  Species: 171  Examples: blue bird

1) Add data
2) Display data
3) Remove class
4) Load XML
5) Write XML
6) Find feature
7) Calculate species
0) Quit
Choice:> What class:> Added Class
Continue (y/n):> What Order:> Added Order
Continue (y/n):> What family:> Added Family
Continue (y/n):> Add Feature (y/n):> What Feature:> 
Add Feature (y/n):> What Feature:> 
Add Feature (y/n):> What Feature:> 
Add Feature (y/n):> Add Summary (y/n):> Update genus count (0):> Update species count (0):> Add example (y/n):> What example:> Add example (y/n):> 
1) Add data
2) Display data
3) Remove class
4) Load XML
5) Write XML
6) Find feature
7) Calculate species
0) Quit
Choice:> Class: aves
Feature: Feathers, beak
--Order: galliforme
--Feature: 
----Family: phasianidae
----Feature: 
------Genus: 12  Species: 151  Examples: pheasant--Order: Falconiformes
--Feature: 
----Family: Apterygidae
----Feature: 
------Genus: 0  Species: 0  Examples: --Order: Struthioniformes
--Feature: 
----Family: Apterygidae
----Feature: 
------Genus: 0  Species: 0  Examples: ----Family: Dromaiidae
----Feature: 
------Genus: 0  Species: 0  Examples: ----Family: Struthionidae
----Feature: 
------Genus: 0  Species: 0  Examples: --Order: passeriformes
--Feature: 
----Family: turdidae
----Feature: omnivore
------Genus: 21  Species: 171  Examples: blue bird
Class: chondrichthyes
Feature: 
--Order: carcharhiniformes
--Feature: 
----Family: sphyrnidae
----Feature: dorsal fin, gills, carnivore
------Genus: 2  Species: 9  Examples: hammerhead shark

1) Add data
2) Display data
3) Remove class
4) Load XML
5) Write XML
6) Find feature
7) Calculate species
0) Quit
Choice:> File name:> 
1) Add data
2) Display data
3) Remove class
4) Load XML
5) Write XML
6) Find feature
7) Calculate species
0) Quit
Choice:> What class:> Removed chondrichthyes

1) Add data
2) Display data
3) Remove class
4) Load XML
5) Write XML
6) Find feature
7) Calculate species
0) Quit
Choice:> What class:> Removed aves

1) Add data
2) Display data
3) Remove class
4) Load XML
5) Write XML
6) Find feature
7) Calculate species
0) Quit
Choice:> File name:> Invalid XML File

1) Add data
2) Display data
3) Remove class
4) Load XML
5) Write XML
6) Find feature
7) Calculate species
0) Quit
Choice:> 
1) Add data
2) Display data
3) Remove class
4) Load XML
5) Write XML
6) Find feature
7) Calculate species
0) Quit
Choice:> What class:> Added Class
Continue (y/n):> 
1) Add data
2) Display data
3) Remove class
4) Load XML
5) Write XML
6) Find feature
7) Calculate species
0) Quit
Choice:> java.lang.NumberFormatException: For input string: "Sphyrnidae"
1) Add data
2) Display data
3) Remove class
4) Load XML
5) Write XML
6) Find feature
7) Calculate species
0) Quit
Choice:> java.lang.NumberFormatException: For input string: "n"
1) Add data
2) Display data
3) Remove class
4) Load XML
5) Write XML
6) Find feature
7) Calculate species
0) Quit
Choice:> java.lang.NumberFormatException: For input string: "y"
1) Add data
2) Display data
3) Remove class
4) Load XML
5) Write XML
6) Find feature
7) Calculate species
0) Quit
Choice:> Class: chondrichthyes
Feature: 


1) Add data
2) Display data
3) Remove class
4) Load XML
5) Write XML
6) Find feature
7) Calculate species
0) Quit
Choice:> Invalid option

1) Add data
2) Display data
3) Remove class
4) Load XML
5) Write XML
6) Find feature
7) Calculate species
0) Quit
Choice:> java.lang.NumberFormatException: For input string: "y"
1) Add data
2) Display data
3) Remove class
4) Load XML
5) Write XML
6) Find feature
7) Calculate species
0) Quit
Choice:> java.lang.NumberFormatException: For input string: "bonnethead shark"
1) Add data
2) Display data
3) Remove class
4) Load XML
5) Write XML
6) Find feature
7) Calculate species
0) Quit
Choice:> java.lang.NumberFormatException: For input string: "n"
1) Add data
2) Display data
3) Remove class
4) Load XML
5) Write XML
6) Find feature
7) Calculate species
0) Quit
Choice:> Class: chondrichthyes
Feature: 


1) Add data
2) Display data
3) Remove class
4) Load XML
5) Write XML
6) Find feature
7) Calculate species
0) Quit
Choice:> 